<?xml version="1.0" encoding="UTF-8"?>
<!-- Generated by org.testng.reporters.JUnitXMLReporter -->
<testsuite hostname="Mds-MacBook-Pro.local" ignored="0" name="anything" tests="2" failures="1" timestamp="07 Sep 2019 03:36:58 GMT" time="0.046" errors="0">
  <testcase name="test1" time="0.011" classname="com.bit.ui.test.SmokeTest">
    <failure type="java.lang.ArithmeticException" message="/ by zero">
      <![CDATA[java.lang.ArithmeticException: / by zero
at com.bit.ui.test.SmokeTest.test1(SmokeTest.java:11)
... Removed 25 stack frames]]>
    </failure>
  </testcase> <!-- test1 -->
  <testcase name="test6" time="0.002" classname="com.bit.ui.test.SmokeTest"/>
</testsuite> <!-- anything -->
