<?xml version="1.0" encoding="UTF-8"?>
<!-- Generated by org.testng.reporters.JUnitXMLReporter -->
<testsuite hostname="mds-macbook-pro.lan" ignored="1" name="Default test(failed)" tests="1" failures="1" timestamp="04 Sep 2019 22:24:41 GMT" time="0.054" errors="0">
  <testcase name="test1" time="0.006" classname="com.bit.ui.test.SmokeTest">
    <failure type="java.lang.ArithmeticException" message="/ by zero">
      <![CDATA[java.lang.ArithmeticException: / by zero
at com.bit.ui.test.SmokeTest.test1(SmokeTest.java:10)
... Removed 25 stack frames]]>
    </failure>
  </testcase> <!-- test1 -->
  <testcase name="test6" time="0.0" classname="com.bit.ui.test.SmokeTest">
    <ignored/>
  </testcase> <!-- test6 -->
</testsuite> <!-- Default test(failed) -->
