<?xml version="1.0" encoding="UTF-8"?>
<!-- Generated by org.testng.reporters.JUnitXMLReporter -->
<testsuite hostname="mds-macbook-pro.lan" ignored="4" name="Test" tests="1" failures="0" timestamp="01 Sep 2019 16:23:31 GMT" time="0.037" errors="0">
  <testcase name="test1" time="0.01" classname="com.bit.ui.test.SmokeTest"/>
  <testcase name="@AfterSuite afterSuite" time="0.0" classname="com.bit.ui.test.BaseTest">
    <ignored/>
  </testcase> <!-- @AfterSuite afterSuite -->
  <testcase name="@BeforeSuite beforeSuite" time="0.0" classname="com.bit.ui.test.BaseTest">
    <ignored/>
  </testcase> <!-- @BeforeSuite beforeSuite -->
  <testcase name="@AfterTest afterTest" time="0.0" classname="com.bit.ui.test.BaseTest">
    <ignored/>
  </testcase> <!-- @AfterTest afterTest -->
  <testcase name="@BeforeTest beforeTest" time="0.0" classname="com.bit.ui.test.BaseTest">
    <ignored/>
  </testcase> <!-- @BeforeTest beforeTest -->
</testsuite> <!-- Test -->
