<?xml version="1.0" encoding="UTF-8"?>
<testng-results skipped="0" failed="0" ignored="1" total="2" passed="1">
  <reporter-output>
    <line>
      <![CDATA[reach to test6]]>
    </line>
  </reporter-output>
  <suite name="GoodMorning" duration-ms="48" started-at="2019-09-07T03:45:44Z" finished-at="2019-09-07T03:45:44Z">
    <groups>
    </groups>
    <test name="hello" duration-ms="48" started-at="2019-09-07T03:45:44Z" finished-at="2019-09-07T03:45:44Z">
      <class name="com.bit.ui.test.SmokeTest">
        <test-method status="PASS" signature="beforeSuite()[pri:0, instance:com.bit.ui.test.SmokeTest@1d057a39]" name="beforeSuite" is-config="true" duration-ms="7" started-at="2019-09-07T03:45:44Z" finished-at="2019-09-07T03:45:44Z">
          <reporter-output>
          </reporter-output>
        </test-method> <!-- beforeSuite -->
        <test-method status="PASS" signature="beforeTest()[pri:0, instance:com.bit.ui.test.SmokeTest@1d057a39]" name="beforeTest" is-config="true" duration-ms="1" started-at="2019-09-07T03:45:44Z" finished-at="2019-09-07T03:45:44Z">
          <reporter-output>
          </reporter-output>
        </test-method> <!-- beforeTest -->
        <test-method status="PASS" signature="beforeClass()[pri:0, instance:com.bit.ui.test.SmokeTest@1d057a39]" name="beforeClass" is-config="true" duration-ms="0" started-at="2019-09-07T03:45:44Z" finished-at="2019-09-07T03:45:44Z">
          <reporter-output>
          </reporter-output>
        </test-method> <!-- beforeClass -->
        <test-method status="PASS" signature="beforeMethod()[pri:0, instance:com.bit.ui.test.SmokeTest@1d057a39]" name="beforeMethod" is-config="true" duration-ms="5" started-at="2019-09-07T03:45:44Z" finished-at="2019-09-07T03:45:44Z">
          <reporter-output>
          </reporter-output>
        </test-method> <!-- beforeMethod -->
        <test-method status="PASS" signature="test6()[pri:0, instance:com.bit.ui.test.SmokeTest@1d057a39]" name="test6" duration-ms="9" started-at="2019-09-07T03:45:44Z" finished-at="2019-09-07T03:45:44Z">
          <reporter-output>
            <line>
              <![CDATA[reach to test6]]>
            </line>
          </reporter-output>
        </test-method> <!-- test6 -->
        <test-method status="PASS" signature="afterMethod()[pri:0, instance:com.bit.ui.test.SmokeTest@1d057a39]" name="afterMethod" is-config="true" duration-ms="3" started-at="2019-09-07T03:45:44Z" finished-at="2019-09-07T03:45:44Z">
          <reporter-output>
          </reporter-output>
        </test-method> <!-- afterMethod -->
        <test-method status="PASS" signature="afterClass()[pri:0, instance:com.bit.ui.test.SmokeTest@1d057a39]" name="afterClass" is-config="true" duration-ms="1" started-at="2019-09-07T03:45:44Z" finished-at="2019-09-07T03:45:44Z">
          <reporter-output>
          </reporter-output>
        </test-method> <!-- afterClass -->
        <test-method status="PASS" signature="afterTest()[pri:0, instance:com.bit.ui.test.SmokeTest@1d057a39]" name="afterTest" is-config="true" duration-ms="2" started-at="2019-09-07T03:45:44Z" finished-at="2019-09-07T03:45:44Z">
          <reporter-output>
          </reporter-output>
        </test-method> <!-- afterTest -->
        <test-method status="PASS" signature="afterSuite()[pri:0, instance:com.bit.ui.test.SmokeTest@1d057a39]" name="afterSuite" is-config="true" duration-ms="0" started-at="2019-09-07T03:45:44Z" finished-at="2019-09-07T03:45:44Z">
          <reporter-output>
          </reporter-output>
        </test-method> <!-- afterSuite -->
      </class> <!-- com.bit.ui.test.SmokeTest -->
    </test> <!-- hello -->
  </suite> <!-- GoodMorning -->
</testng-results>
